#
# There is insufficient memory for the Java Runtime Environment to continue.
# Native memory allocation (mmap) failed to map 142606336 bytes for committing reserved memory.
# Possible reasons:
#   The system is out of physical RAM or swap space
#   In 32 bit mode, the process size limit was hit
# Possible solutions:
#   Reduce memory load on the system
#   Increase physical memory or swap space
#   Check if swap backing store is full
#   Use 64 bit Java on a 64 bit OS
#   Decrease Java heap size (-Xmx/-Xms)
#   Decrease number of Java threads
#   Decrease Java thread stack sizes (-Xss)
#   Set larger code cache with -XX:ReservedCodeCacheSize=
# This output file may be truncated or incomplete.
#
#  Out of Memory Error (os_linux.cpp:2627), pid=5957, tid=139844700796672
#
# JRE version: Java(TM) SE Runtime Environment (8.0_91-b14) (build 1.8.0_91-b14)
# Java VM: Java HotSpot(TM) 64-Bit Server VM (25.91-b14 mixed mode linux-amd64 compressed oops)
# Failed to write core dump. Core dumps have been disabled. To enable core dumping, try "ulimit -c unlimited" before starting Java again
#

---------------  T H R E A D  ---------------

Current thread (0x00007f3034078000):  VMThread [stack: 0x00007f3021a6f000,0x00007f3021b70000] [id=5969]

Stack: [0x00007f3021a6f000,0x00007f3021b70000],  sp=0x00007f3021b6e260,  free space=1020k
Native frames: (J=compiled Java code, j=interpreted, Vv=VM code, C=native code)
V  [libjvm.so+0xabc18a]  VMError::report_and_die()+0x2ba
V  [libjvm.so+0x4fafeb]  report_vm_out_of_memory(char const*, int, unsigned long, VMErrorType, char const*)+0x8b
V  [libjvm.so+0x91cbb3]  os::Linux::commit_memory_impl(char*, unsigned long, bool)+0x103
V  [libjvm.so+0x91d109]  os::pd_commit_memory(char*, unsigned long, unsigned long, bool)+0x29
V  [libjvm.so+0x91740a]  os::commit_memory(char*, unsigned long, unsigned long, bool)+0x2a
V  [libjvm.so+0x98b033]  PSVirtualSpace::expand_by(unsigned long)+0x53
V  [libjvm.so+0x98c438]  PSYoungGen::resize_generation(unsigned long, unsigned long)+0xf8
V  [libjvm.so+0x98b592]  PSYoungGen::resize(unsigned long, unsigned long)+0x22
V  [libjvm.so+0x98886b]  PSScavenge::invoke_no_policy()+0xf3b
V  [libjvm.so+0x988ff1]  PSScavenge::invoke()+0x41
V  [libjvm.so+0x9408b0]  ParallelScavengeHeap::failed_mem_allocate(unsigned long)+0x70
V  [libjvm.so+0xabdba7]  VM_ParallelGCFailedAllocation::doit()+0x97
V  [libjvm.so+0xac55d5]  VM_Operation::evaluate()+0x55
V  [libjvm.so+0xac39aa]  VMThread::evaluate_operation(VM_Operation*)+0xba
V  [libjvm.so+0xac3d2e]  VMThread::loop()+0x1ce
V  [libjvm.so+0xac41a0]  VMThread::run()+0x70
V  [libjvm.so+0x91ef78]  java_start(Thread*)+0x108

VM_Operation (0x00007f303c20b930): ParallelGCFailedAllocation, mode: safepoint, requested by thread 0x00007f303400a000


---------------  P R O C E S S  ---------------

Java Threads: ( => current thread )
  0x00007f3034151000 JavaThread "pool-2-thread-4" [_thread_blocked, id=5993, stack(0x00007f3020655000,0x00007f3020756000)]
  0x00007f303414f800 JavaThread "pool-2-thread-3" [_thread_blocked, id=5991, stack(0x00007f3020756000,0x00007f3020857000)]
  0x00007f303414e800 JavaThread "pool-2-thread-2" [_thread_blocked, id=5989, stack(0x00007f3020857000,0x00007f3020958000)]
  0x00007f3034140800 JavaThread "pool-3-thread-1" [_thread_blocked, id=5987, stack(0x00007f3020958000,0x00007f3020a59000)]
  0x00007f303413e800 JavaThread "pool-2-thread-1" [_thread_blocked, id=5986, stack(0x00007f3020a59000,0x00007f3020b5a000)]
  0x00007f30340c0800 JavaThread "Service Thread" daemon [_thread_blocked, id=5976, stack(0x00007f3020c80000,0x00007f3020d81000)]
  0x00007f30340bd800 JavaThread "C1 CompilerThread2" daemon [_thread_blocked, id=5975, stack(0x00007f3020d81000,0x00007f3020e82000)]
  0x00007f30340bb800 JavaThread "C2 CompilerThread1" daemon [_thread_blocked, id=5974, stack(0x00007f3020e82000,0x00007f3020f83000)]
  0x00007f30340b9000 JavaThread "C2 CompilerThread0" daemon [_thread_blocked, id=5973, stack(0x00007f3020f83000,0x00007f3021084000)]
  0x00007f30340b7800 JavaThread "Signal Dispatcher" daemon [_thread_blocked, id=5972, stack(0x00007f3021084000,0x00007f3021185000)]
  0x00007f3034084000 JavaThread "Finalizer" daemon [_thread_blocked, id=5971, stack(0x00007f302186d000,0x00007f302196e000)]
  0x00007f303407f800 JavaThread "Reference Handler" daemon [_thread_blocked, id=5970, stack(0x00007f302196e000,0x00007f3021a6f000)]
  0x00007f303400a000 JavaThread "main" [_thread_blocked, id=5962, stack(0x00007f303c10d000,0x00007f303c20e000)]

Other Threads:
=>0x00007f3034078000 VMThread [stack: 0x00007f3021a6f000,0x00007f3021b70000] [id=5969]
  0x00007f30340c3000 WatcherThread [stack: 0x00007f3020b7f000,0x00007f3020c80000] [id=5977]

VM state:at safepoint (normal execution)

VM Mutex/Monitor currently owned by a thread:  ([mutex/lock_event])
[0x00007f3034006590] Threads_lock - owner thread: 0x00007f3034078000
[0x00007f3034006a90] Heap_lock - owner thread: 0x00007f303400a000

Heap:
 PSYoungGen      total 137216K, used 16360K [0x00000000eab00000, 0x00000000f4300000, 0x0000000100000000)
  eden space 120832K, 0% used [0x00000000eab00000,0x00000000eab00000,0x00000000f2100000)
  from space 16384K, 99% used [0x00000000f2100000,0x00000000f30fa140,0x00000000f3100000)
  to   space 14336K, 0% used [0x00000000f3100000,0x00000000f3100000,0x00000000f3f00000)
 ParOldGen       total 40960K, used 35711K [0x00000000c0000000, 0x00000000c2800000, 0x00000000eab00000)
  object space 40960K, 87% used [0x00000000c0000000,0x00000000c22dfd08,0x00000000c2800000)
 Metaspace       used 6346K, capacity 7192K, committed 7424K, reserved 1056768K
  class space    used 614K, capacity 656K, committed 768K, reserved 1048576K

Card table byte_map: [0x00007f3038ccf000,0x00007f3038ed0000] byte_map_base: 0x00007f30386cf000

Marking Bits: (ParMarkBitMap*) 0x00007f303b5e6d60
 Begin Bits: [0x00007f3023000000, 0x00007f3024000000)
 End Bits:   [0x00007f3024000000, 0x00007f3025000000)

Polling page: 0x00007f303c22f000

CodeCache: size=245760Kb used=8418Kb max_used=8433Kb free=237341Kb
 bounds [0x00007f3025000000, 0x00007f3025850000, 0x00007f3034000000]
 total_blobs=2261 nmethods=1992 adapters=182
 compilation: enabled

Compilation events (10 events):
Event: 37,501 Thread 0x00007f30340bd800 2546 % !   3       com.android.dx.cf.cst.ConstantPoolParser::determineOffsets @ 5 (285 bytes)
Event: 37,505 Thread 0x00007f30340bd800 nmethod 2546% 0x00007f3025818cd0 code [0x00007f3025819060, 0x00007f302581ab98]
Event: 38,113 Thread 0x00007f30340bd800 2547       3       com.android.dx.cf.cst.ConstantPoolParser::parse (365 bytes)
Event: 39,193 Thread 0x00007f30340bb800 nmethod 2454 0x00007f302582f650 code [0x00007f3025831240, 0x00007f3025839bc8]
Event: 39,193 Thread 0x00007f30340bd800 nmethod 2547 0x00007f30258299d0 code [0x00007f3025829f40, 0x00007f302582d408]
Event: 39,193 Thread 0x00007f30340bd800 2575       3       com.android.dx.rop.code.LocalVariableExtractor::doit (49 bytes)
Event: 39,198 Thread 0x00007f30340bd800 nmethod 2575 0x00007f3025801dd0 code [0x00007f3025801f80, 0x00007f3025802438]
Event: 39,199 Thread 0x00007f30340bd800 2577       3       com.android.dx.dex.code.RopTranslator::outputInstructions (69 bytes)
Event: 39,199 Thread 0x00007f30340bd800 nmethod 2577 0x00007f3025801610 code [0x00007f30258017a0, 0x00007f3025801bf8]
Event: 39,199 Thread 0x00007f30340bd800 2576       3       com.android.dx.dex.code.BlockAddresses::setupArrays (113 bytes)

GC Heap History (10 events):
Event: 2,640 GC heap after
Heap after GC invocations=2 (full 0):
 PSYoungGen      total 33280K, used 2551K [0x00000000eab00000, 0x00000000ece00000, 0x0000000100000000)
  eden space 30720K, 0% used [0x00000000eab00000,0x00000000eab00000,0x00000000ec900000)
  from space 2560K, 99% used [0x00000000ecb80000,0x00000000ecdfde10,0x00000000ece00000)
  to   space 2560K, 0% used [0x00000000ec900000,0x00000000ec900000,0x00000000ecb80000)
 ParOldGen       total 40960K, used 2194K [0x00000000c0000000, 0x00000000c2800000, 0x00000000eab00000)
  object space 40960K, 5% used [0x00000000c0000000,0x00000000c0224a40,0x00000000c2800000)
 Metaspace       used 5690K, capacity 6704K, committed 6784K, reserved 1056768K
  class space    used 590K, capacity 616K, committed 640K, reserved 1048576K
}
Event: 4,777 GC heap before
{Heap before GC invocations=3 (full 0):
 PSYoungGen      total 33280K, used 33271K [0x00000000eab00000, 0x00000000ece00000, 0x0000000100000000)
  eden space 30720K, 100% used [0x00000000eab00000,0x00000000ec900000,0x00000000ec900000)
  from space 2560K, 99% used [0x00000000ecb80000,0x00000000ecdfde10,0x00000000ece00000)
  to   space 2560K, 0% used [0x00000000ec900000,0x00000000ec900000,0x00000000ecb80000)
 ParOldGen       total 40960K, used 2194K [0x00000000c0000000, 0x00000000c2800000, 0x00000000eab00000)
  object space 40960K, 5% used [0x00000000c0000000,0x00000000c0224a40,0x00000000c2800000)
 Metaspace       used 5824K, capacity 6832K, committed 7040K, reserved 1056768K
  class space    used 592K, capacity 616K, committed 640K, reserved 1048576K
Event: 4,869 GC heap after
Heap after GC invocations=3 (full 0):
 PSYoungGen      total 33280K, used 2529K [0x00000000eab00000, 0x00000000eec00000, 0x0000000100000000)
  eden space 30720K, 0% used [0x00000000eab00000,0x00000000eab00000,0x00000000ec900000)
  from space 2560K, 98% used [0x00000000ec900000,0x00000000ecb786e0,0x00000000ecb80000)
  to   space 2560K, 0% used [0x00000000ee980000,0x00000000ee980000,0x00000000eec00000)
 ParOldGen       total 40960K, used 7633K [0x00000000c0000000, 0x00000000c2800000, 0x00000000eab00000)
  object space 40960K, 18% used [0x00000000c0000000,0x00000000c0774448,0x00000000c2800000)
 Metaspace       used 5824K, capacity 6832K, committed 7040K, reserved 1056768K
  class space    used 592K, capacity 616K, committed 640K, reserved 1048576K
}
Event: 5,809 GC heap before
{Heap before GC invocations=4 (full 0):
 PSYoungGen      total 33280K, used 33249K [0x00000000eab00000, 0x00000000eec00000, 0x0000000100000000)
  eden space 30720K, 100% used [0x00000000eab00000,0x00000000ec900000,0x00000000ec900000)
  from space 2560K, 98% used [0x00000000ec900000,0x00000000ecb786e0,0x00000000ecb80000)
  to   space 2560K, 0% used [0x00000000ee980000,0x00000000ee980000,0x00000000eec00000)
 ParOldGen       total 40960K, used 7633K [0x00000000c0000000, 0x00000000c2800000, 0x00000000eab00000)
  object space 40960K, 18% used [0x00000000c0000000,0x00000000c0774448,0x00000000c2800000)
 Metaspace       used 5862K, capacity 6832K, committed 7040K, reserved 1056768K
  class space    used 594K, capacity 616K, committed 640K, reserved 1048576K
Event: 5,888 GC heap after
Heap after GC invocations=4 (full 0):
 PSYoungGen      total 64000K, used 2529K [0x00000000eab00000, 0x00000000eec00000, 0x0000000100000000)
  eden space 61440K, 0% used [0x00000000eab00000,0x00000000eab00000,0x00000000ee700000)
  from space 2560K, 98% used [0x00000000ee980000,0x00000000eebf86e0,0x00000000eec00000)
  to   space 2560K, 0% used [0x00000000ee700000,0x00000000ee700000,0x00000000ee980000)
 ParOldGen       total 40960K, used 12610K [0x00000000c0000000, 0x00000000c2800000, 0x00000000eab00000)
  object space 40960K, 30% used [0x00000000c0000000,0x00000000c0c50a00,0x00000000c2800000)
 Metaspace       used 5862K, capacity 6832K, committed 7040K, reserved 1056768K
  class space    used 594K, capacity 616K, committed 640K, reserved 1048576K
}
Event: 7,183 GC heap before
{Heap before GC invocations=5 (full 0):
 PSYoungGen      total 64000K, used 63969K [0x00000000eab00000, 0x00000000eec00000, 0x0000000100000000)
  eden space 61440K, 100% used [0x00000000eab00000,0x00000000ee700000,0x00000000ee700000)
  from space 2560K, 98% used [0x00000000ee980000,0x00000000eebf86e0,0x00000000eec00000)
  to   space 2560K, 0% used [0x00000000ee700000,0x00000000ee700000,0x00000000ee980000)
 ParOldGen       total 40960K, used 12610K [0x00000000c0000000, 0x00000000c2800000, 0x00000000eab00000)
  object space 40960K, 30% used [0x00000000c0000000,0x00000000c0c50a00,0x00000000c2800000)
 Metaspace       used 5931K, capacity 6896K, committed 7040K, reserved 1056768K
  class space    used 594K, capacity 616K, committed 640K, reserved 1048576K
Event: 7,858 GC heap after
Heap after GC invocations=5 (full 0):
 PSYoungGen      total 64000K, used 2545K [0x00000000eab00000, 0x00000000f3f00000, 0x0000000100000000)
  eden space 61440K, 0% used [0x00000000eab00000,0x00000000eab00000,0x00000000ee700000)
  from space 2560K, 99% used [0x00000000ee700000,0x00000000ee97c6e0,0x00000000ee980000)
  to   space 14336K, 0% used [0x00000000f3100000,0x00000000f3100000,0x00000000f3f00000)
 ParOldGen       total 40960K, used 21754K [0x00000000c0000000, 0x00000000c2800000, 0x00000000eab00000)
  object space 40960K, 53% used [0x00000000c0000000,0x00000000c153ead0,0x00000000c2800000)
 Metaspace       used 5931K, capacity 6896K, committed 7040K, reserved 1056768K
  class space    used 594K, capacity 616K, committed 640K, reserved 1048576K
}
Event: 31,001 GC heap before
{Heap before GC invocations=6 (full 0):
 PSYoungGen      total 64000K, used 63985K [0x00000000eab00000, 0x00000000f3f00000, 0x0000000100000000)
  eden space 61440K, 100% used [0x00000000eab00000,0x00000000ee700000,0x00000000ee700000)
  from space 2560K, 99% used [0x00000000ee700000,0x00000000ee97c6e0,0x00000000ee980000)
  to   space 14336K, 0% used [0x00000000f3100000,0x00000000f3100000,0x00000000f3f00000)
 ParOldGen       total 40960K, used 21754K [0x00000000c0000000, 0x00000000c2800000, 0x00000000eab00000)
  object space 40960K, 53% used [0x00000000c0000000,0x00000000c153ead0,0x00000000c2800000)
 Metaspace       used 6161K, capacity 7088K, committed 7296K, reserved 1056768K
  class space    used 594K, capacity 616K, committed 640K, reserved 1048576K
Event: 31,059 GC heap after
Heap after GC invocations=6 (full 0):
 PSYoungGen      total 135168K, used 12673K [0x00000000eab00000, 0x00000000f4300000, 0x0000000100000000)
  eden space 120832K, 0% used [0x00000000eab00000,0x00000000eab00000,0x00000000f2100000)
  from space 14336K, 88% used [0x00000000f3100000,0x00000000f3d606f0,0x00000000f3f00000)
  to   space 16384K, 0% used [0x00000000f2100000,0x00000000f2100000,0x00000000f3100000)
 ParOldGen       total 40960K, used 21754K [0x00000000c0000000, 0x00000000c2800000, 0x00000000eab00000)
  object space 40960K, 53% used [0x00000000c0000000,0x00000000c153ead0,0x00000000c2800000)
 Metaspace       used 6161K, capacity 7088K, committed 7296K, reserved 1056768K
  class space    used 594K, capacity 616K, committed 640K, reserved 1048576K
}
Event: 39,382 GC heap before
{Heap before GC invocations=7 (full 0):
 PSYoungGen      total 135168K, used 133505K [0x00000000eab00000, 0x00000000f4300000, 0x0000000100000000)
  eden space 120832K, 100% used [0x00000000eab00000,0x00000000f2100000,0x00000000f2100000)
  from space 14336K, 88% used [0x00000000f3100000,0x00000000f3d606f0,0x00000000f3f00000)
  to   space 16384K, 0% used [0x00000000f2100000,0x00000000f2100000,0x00000000f3100000)
 ParOldGen       total 40960K, used 21754K [0x00000000c0000000, 0x00000000c2800000, 0x00000000eab00000)
  object space 40960K, 53% used [0x00000000c0000000,0x00000000c153ead0,0x00000000c2800000)
 Metaspace       used 6346K, capacity 7192K, committed 7424K, reserved 1056768K
  class space    used 614K, capacity 656K, committed 768K, reserved 1048576K

Deoptimization events (10 events):
Event: 35,796 Thread 0x00007f3034151000 Uncommon trap: reason=bimorphic action=maybe_recompile pc=0x00007f302556b890 method=com.android.dx.cf.code.BytecodeArray.parseInstruction(ILcom/android/dx/cf/code/BytecodeArray$Visitor;)I @ 1357
Event: 35,797 Thread 0x00007f3034151000 Uncommon trap: reason=bimorphic action=maybe_recompile pc=0x00007f302556b890 method=com.android.dx.cf.code.BytecodeArray.parseInstruction(ILcom/android/dx/cf/code/BytecodeArray$Visitor;)I @ 1357
Event: 35,829 Thread 0x00007f303414e800 Uncommon trap: reason=unstable_if action=reinterpret pc=0x00007f3025502d80 method=com.android.dx.ssa.MoveParamCombiner$1.visitNonMoveInsn(Lcom/android/dx/ssa/NormalSsaInsn;)V @ 27
Event: 35,837 Thread 0x00007f303414e800 Uncommon trap: reason=class_check action=maybe_recompile pc=0x00007f30257b02f8 method=com.android.dx.cf.code.Ropper.processBlock(Lcom/android/dx/cf/code/ByteBlock;Lcom/android/dx/cf/code/Frame;[I)V @ 711
Event: 35,844 Thread 0x00007f303414e800 Uncommon trap: reason=class_check action=maybe_recompile pc=0x00007f30257b02f8 method=com.android.dx.cf.code.Ropper.processBlock(Lcom/android/dx/cf/code/ByteBlock;Lcom/android/dx/cf/code/Frame;[I)V @ 711
Event: 35,844 Thread 0x00007f303414e800 Uncommon trap: reason=class_check action=maybe_recompile pc=0x00007f30257b02f8 method=com.android.dx.cf.code.Ropper.processBlock(Lcom/android/dx/cf/code/ByteBlock;Lcom/android/dx/cf/code/Frame;[I)V @ 711
Event: 35,844 Thread 0x00007f303414e800 Uncommon trap: reason=class_check action=maybe_recompile pc=0x00007f30257b02f8 method=com.android.dx.cf.code.Ropper.processBlock(Lcom/android/dx/cf/code/ByteBlock;Lcom/android/dx/cf/code/Frame;[I)V @ 711
Event: 36,019 Thread 0x00007f303413e800 Uncommon trap: reason=bimorphic action=maybe_recompile pc=0x00007f302555e570 method=com.android.dx.ssa.LiteralOpUpgrader.tryReplacingWithConstant(Lcom/android/dx/ssa/NormalSsaInsn;)Z @ 62
Event: 36,019 Thread 0x00007f303413e800 Uncommon trap: reason=unstable_if action=reinterpret pc=0x00007f3025580344 method=com.android.dx.ssa.LiteralOpUpgrader$1.visitNonMoveInsn(Lcom/android/dx/ssa/NormalSsaInsn;)V @ 24
Event: 36,039 Thread 0x00007f303413e800 Uncommon trap: reason=bimorphic action=maybe_recompile pc=0x00007f302555e570 method=com.android.dx.ssa.LiteralOpUpgrader.tryReplacingWithConstant(Lcom/android/dx/ssa/NormalSsaInsn;)Z @ 62

Internal exceptions (6 events):
Event: 0,097 Thread 0x00007f303400a000 Exception <a 'java/lang/NoSuchMethodError': Method sun.misc.Unsafe.defineClass(Ljava/lang/String;[BII)Ljava/lang/Class; name or signature does not match> (0x00000000eab07cc0) thrown at [/HUDSON/workspace/8-2-build-linux-amd64/jdk8u91/6644/hotspot/src/shar
Event: 0,097 Thread 0x00007f303400a000 Exception <a 'java/lang/NoSuchMethodError': Method sun.misc.Unsafe.prefetchRead(Ljava/lang/Object;J)V name or signature does not match> (0x00000000eab07fa8) thrown at [/HUDSON/workspace/8-2-build-linux-amd64/jdk8u91/6644/hotspot/src/share/vm/prims/jni.cpp
Event: 31,132 Thread 0x00007f303400a000 Implicit null exception at 0x00007f3025590093 to 0x00007f3025591835
Event: 35,255 Thread 0x00007f303414f800 Exception <a 'java/lang/ArrayIndexOutOfBoundsException': 18> (0x00000000eed0c440) thrown at [/HUDSON/workspace/8-2-build-linux-amd64/jdk8u91/6644/hotspot/src/share/vm/interpreter/interpreterRuntime.cpp, line 366]
Event: 35,256 Thread 0x00007f303414f800 Exception <a 'java/lang/ArrayIndexOutOfBoundsException': 145> (0x00000000eed0dfc0) thrown at [/HUDSON/workspace/8-2-build-linux-amd64/jdk8u91/6644/hotspot/src/share/vm/interpreter/interpreterRuntime.cpp, line 366]
Event: 35,679 Thread 0x00007f303414f800 Exception <a 'java/lang/ArrayIndexOutOfBoundsException'> (0x00000000eed0f2a8) thrown at [/HUDSON/workspace/8-2-build-linux-amd64/jdk8u91/6644/hotspot/src/share/vm/runtime/sharedRuntime.cpp, line 605]

Events (10 events):
Event: 37,868 Thread 0x00007f303414f800 DEOPT UNPACKING pc=0x00007f3025047633 sp=0x00007f3020854b60 mode 0
Event: 37,874 Thread 0x00007f303414f800 DEOPT PACKING pc=0x00007f30254e1183 sp=0x00007f3020854fe0
Event: 37,874 Thread 0x00007f303414f800 DEOPT UNPACKING pc=0x00007f3025047633 sp=0x00007f3020854d50 mode 0
Event: 37,874 Thread 0x00007f303414f800 DEOPT PACKING pc=0x00007f3025366aec sp=0x00007f3020854da0
Event: 37,874 Thread 0x00007f303414f800 DEOPT UNPACKING pc=0x00007f3025047633 sp=0x00007f3020854aa0 mode 0
Event: 37,877 Thread 0x00007f303414f800 DEOPT PACKING pc=0x00007f30254e03ec sp=0x00007f3020854dc0
Event: 37,877 Thread 0x00007f303414f800 DEOPT UNPACKING pc=0x00007f3025047633 sp=0x00007f3020854ba8 mode 0
Event: 37,943 Thread 0x00007f303413e800 DEOPT PACKING pc=0x00007f302550f5ed sp=0x00007f3020b581b0
Event: 37,943 Thread 0x00007f303413e800 DEOPT UNPACKING pc=0x00007f3025047633 sp=0x00007f3020b57f08 mode 0
Event: 39,200 Executing VM operation: ParallelGCFailedAllocation


Dynamic libraries:
00400000-00401000 r-xp 00000000 08:08 3028453                            /usr/lib/jvm/java-8-oracle/bin/java
00600000-00601000 rw-p 00000000 08:08 3028453                            /usr/lib/jvm/java-8-oracle/bin/java
025e7000-02608000 rw-p 00000000 00:00 0                                  [heap]
c0000000-c2800000 rw-p 00000000 00:00 0 
c2800000-eab00000 ---p 00000000 00:00 0 
eab00000-f4300000 rw-p 00000000 00:00 0 
fcb00000-100000000 ---p 00000000 00:00 0 
100000000-1000c0000 rw-p 00000000 00:00 0 
1000c0000-140000000 ---p 00000000 00:00 0 
7f2fd4000000-7f2fd4022000 rw-p 00000000 00:00 0 
7f2fd4022000-7f2fd8000000 ---p 00000000 00:00 0 
7f2fdc000000-7f2fdc030000 rw-p 00000000 00:00 0 
7f2fdc030000-7f2fe0000000 ---p 00000000 00:00 0 
7f2fe0000000-7f2fe0032000 rw-p 00000000 00:00 0 
7f2fe0032000-7f2fe4000000 ---p 00000000 00:00 0 
7f2fe4000000-7f2fe4029000 rw-p 00000000 00:00 0 
7f2fe4029000-7f2fe8000000 ---p 00000000 00:00 0 
7f2fe8000000-7f2fe8021000 rw-p 00000000 00:00 0 
7f2fe8021000-7f2fec000000 ---p 00000000 00:00 0 
7f2fec000000-7f2fec021000 rw-p 00000000 00:00 0 
7f2fec021000-7f2ff0000000 ---p 00000000 00:00 0 
7f2ff0000000-7f2ff0021000 rw-p 00000000 00:00 0 
7f2ff0021000-7f2ff4000000 ---p 00000000 00:00 0 
7f2ff4000000-7f2ff5a00000 rw-p 00000000 00:00 0 
7f2ff5a00000-7f2ff8000000 ---p 00000000 00:00 0 
7f2ff8000000-7f2ff87a0000 rw-p 00000000 00:00 0 
7f2ff87a0000-7f2ffc000000 ---p 00000000 00:00 0 
7f2ffc000000-7f2ffc021000 rw-p 00000000 00:00 0 
7f2ffc021000-7f3000000000 ---p 00000000 00:00 0 
7f3000000000-7f30014ef000 rw-p 00000000 00:00 0 
7f30014ef000-7f3004000000 ---p 00000000 00:00 0 
7f3004000000-7f3004021000 rw-p 00000000 00:00 0 
7f3004021000-7f3008000000 ---p 00000000 00:00 0 
7f3008000000-7f3008021000 rw-p 00000000 00:00 0 
7f3008021000-7f300c000000 ---p 00000000 00:00 0 
7f300c000000-7f300c021000 rw-p 00000000 00:00 0 
7f300c021000-7f3010000000 ---p 00000000 00:00 0 
7f3010000000-7f301028e000 rw-p 00000000 00:00 0 
7f301028e000-7f3014000000 ---p 00000000 00:00 0 
7f3014000000-7f3014021000 rw-p 00000000 00:00 0 
7f3014021000-7f3018000000 ---p 00000000 00:00 0 
7f3018000000-7f3018021000 rw-p 00000000 00:00 0 
7f3018021000-7f301c000000 ---p 00000000 00:00 0 
7f301c000000-7f301c021000 rw-p 00000000 00:00 0 
7f301c021000-7f3020000000 ---p 00000000 00:00 0 
7f3020632000-7f3020655000 r--p 00000000 08:08 1969990                    /usr/share/locale-langpack/it/LC_MESSAGES/libc.mo
7f3020655000-7f3020658000 ---p 00000000 00:00 0 
7f3020658000-7f3020756000 rw-p 00000000 00:00 0                          [stack:5993]
7f3020756000-7f3020759000 ---p 00000000 00:00 0 
7f3020759000-7f3020857000 rw-p 00000000 00:00 0                          [stack:5991]
7f3020857000-7f302085a000 ---p 00000000 00:00 0 
7f302085a000-7f3020958000 rw-p 00000000 00:00 0                          [stack:5989]
7f3020958000-7f302095b000 ---p 00000000 00:00 0 
7f302095b000-7f3020a59000 rw-p 00000000 00:00 0                          [stack:5987]
7f3020a59000-7f3020a5c000 ---p 00000000 00:00 0 
7f3020a5c000-7f3020b5a000 rw-p 00000000 00:00 0                          [stack:5986]
7f3020b5a000-7f3020b70000 r--s 000f1000 08:08 133004                     /home/sturmtruppen/AndroidStudioProjects/BiblioVale/app/build/intermediates/exploded-aar/com.android.support/support-v4/23.3.0/jars/classes.jar
7f3020b70000-7f3020b7f000 r--s 000df000 08:08 2916119                    /home/sturmtruppen/Android/Sdk/build-tools/23.0.2/lib/dx.jar
7f3020b7f000-7f3020b80000 ---p 00000000 00:00 0 
7f3020b80000-7f3020c80000 rw-p 00000000 00:00 0                          [stack:5977]
7f3020c80000-7f3020c83000 ---p 00000000 00:00 0 
7f3020c83000-7f3020d81000 rw-p 00000000 00:00 0                          [stack:5976]
7f3020d81000-7f3020d84000 ---p 00000000 00:00 0 
7f3020d84000-7f3020e82000 rw-p 00000000 00:00 0                          [stack:5975]
7f3020e82000-7f3020e85000 ---p 00000000 00:00 0 
7f3020e85000-7f3020f83000 rw-p 00000000 00:00 0                          [stack:5974]
7f3020f83000-7f3020f86000 ---p 00000000 00:00 0 
7f3020f86000-7f3021084000 rw-p 00000000 00:00 0                          [stack:5973]
7f3021084000-7f3021087000 ---p 00000000 00:00 0 
7f3021087000-7f3021185000 rw-p 00000000 00:00 0                          [stack:5972]
7f3021185000-7f302186d000 r--p 00000000 08:08 1317839                    /usr/lib/locale/locale-archive
7f302186d000-7f3021870000 ---p 00000000 00:00 0 
7f3021870000-7f302196e000 rw-p 00000000 00:00 0                          [stack:5971]
7f302196e000-7f3021971000 ---p 00000000 00:00 0 
7f3021971000-7f3021a6f000 rw-p 00000000 00:00 0                          [stack:5970]
7f3021a6f000-7f3021a70000 ---p 00000000 00:00 0 
7f3021a70000-7f3022e80000 rw-p 00000000 00:00 0                          [stack:5969]
7f3022e80000-7f3023000000 ---p 00000000 00:00 0 
7f3023000000-7f3025000000 rw-p 00000000 00:00 0 
7f3025000000-7f3025850000 rwxp 00000000 00:00 0 
7f3025850000-7f3034000000 ---p 00000000 00:00 0 
7f3034000000-7f303438f000 rw-p 00000000 00:00 0 
7f303438f000-7f3038000000 ---p 00000000 00:00 0 
7f3038002000-7f3038326000 rw-p 00000000 00:00 0 
7f3038326000-7f30384ff000 r--s 03d1f000 08:08 3030125                    /usr/lib/jvm/java-8-oracle/jre/lib/rt.jar
7f30384ff000-7f3038775000 rw-p 00000000 00:00 0 
7f3038775000-7f3038776000 ---p 00000000 00:00 0 
7f3038776000-7f3038876000 rw-p 00000000 00:00 0                          [stack:5968]
7f3038876000-7f3038877000 ---p 00000000 00:00 0 
7f3038877000-7f3038977000 rw-p 00000000 00:00 0                          [stack:5967]
7f3038977000-7f3038978000 ---p 00000000 00:00 0 
7f3038978000-7f3038a78000 rw-p 00000000 00:00 0                          [stack:5966]
7f3038a78000-7f3038a79000 ---p 00000000 00:00 0 
7f3038a79000-7f3038b8d000 rw-p 00000000 00:00 0                          [stack:5965]
7f3038b8d000-7f3038ccf000 ---p 00000000 00:00 0 
7f3038ccf000-7f3038ce3000 rw-p 00000000 00:00 0 
7f3038ce3000-7f3038e24000 ---p 00000000 00:00 0 
7f3038e24000-7f3038e71000 rw-p 00000000 00:00 0 
7f3038e71000-7f3038ecf000 ---p 00000000 00:00 0 
7f3038ecf000-7f3038ef2000 rw-p 00000000 00:00 0 
7f3038ef2000-7f3039290000 ---p 00000000 00:00 0 
7f3039290000-7f30392aa000 r-xp 00000000 08:08 3029910                    /usr/lib/jvm/java-8-oracle/jre/lib/amd64/libzip.so
7f30392aa000-7f30394aa000 ---p 0001a000 08:08 3029910                    /usr/lib/jvm/java-8-oracle/jre/lib/amd64/libzip.so
7f30394aa000-7f30394ab000 rw-p 0001a000 08:08 3029910                    /usr/lib/jvm/java-8-oracle/jre/lib/amd64/libzip.so
7f30394ab000-7f30394b6000 r-xp 00000000 08:08 2630175                    /lib/x86_64-linux-gnu/libnss_files-2.19.so
7f30394b6000-7f30396b5000 ---p 0000b000 08:08 2630175                    /lib/x86_64-linux-gnu/libnss_files-2.19.so
7f30396b5000-7f30396b6000 r--p 0000a000 08:08 2630175                    /lib/x86_64-linux-gnu/libnss_files-2.19.so
7f30396b6000-7f30396b7000 rw-p 0000b000 08:08 2630175                    /lib/x86_64-linux-gnu/libnss_files-2.19.so
7f30396b7000-7f30396c2000 r-xp 00000000 08:08 2630166                    /lib/x86_64-linux-gnu/libnss_nis-2.19.so
7f30396c2000-7f30398c1000 ---p 0000b000 08:08 2630166                    /lib/x86_64-linux-gnu/libnss_nis-2.19.so
7f30398c1000-7f30398c2000 r--p 0000a000 08:08 2630166                    /lib/x86_64-linux-gnu/libnss_nis-2.19.so
7f30398c2000-7f30398c3000 rw-p 0000b000 08:08 2630166                    /lib/x86_64-linux-gnu/libnss_nis-2.19.so
7f30398c3000-7f30398da000 r-xp 00000000 08:08 2630162                    /lib/x86_64-linux-gnu/libnsl-2.19.so
7f30398da000-7f3039ad9000 ---p 00017000 08:08 2630162                    /lib/x86_64-linux-gnu/libnsl-2.19.so
7f3039ad9000-7f3039ada000 r--p 00016000 08:08 2630162                    /lib/x86_64-linux-gnu/libnsl-2.19.so
7f3039ada000-7f3039adb000 rw-p 00017000 08:08 2630162                    /lib/x86_64-linux-gnu/libnsl-2.19.so
7f3039adb000-7f3039add000 rw-p 00000000 00:00 0 
7f3039add000-7f3039ae6000 r-xp 00000000 08:08 2630161                    /lib/x86_64-linux-gnu/libnss_compat-2.19.so
7f3039ae6000-7f3039ce5000 ---p 00009000 08:08 2630161                    /lib/x86_64-linux-gnu/libnss_compat-2.19.so
7f3039ce5000-7f3039ce6000 r--p 00008000 08:08 2630161                    /lib/x86_64-linux-gnu/libnss_compat-2.19.so
7f3039ce6000-7f3039ce7000 rw-p 00009000 08:08 2630161                    /lib/x86_64-linux-gnu/libnss_compat-2.19.so
7f3039ce7000-7f3039d11000 r-xp 00000000 08:08 3029769                    /usr/lib/jvm/java-8-oracle/jre/lib/amd64/libjava.so
7f3039d11000-7f3039f11000 ---p 0002a000 08:08 3029769                    /usr/lib/jvm/java-8-oracle/jre/lib/amd64/libjava.so
7f3039f11000-7f3039f13000 rw-p 0002a000 08:08 3029769                    /usr/lib/jvm/java-8-oracle/jre/lib/amd64/libjava.so
7f3039f13000-7f3039f20000 r-xp 00000000 08:08 3029759                    /usr/lib/jvm/java-8-oracle/jre/lib/amd64/libverify.so
7f3039f20000-7f303a120000 ---p 0000d000 08:08 3029759                    /usr/lib/jvm/java-8-oracle/jre/lib/amd64/libverify.so
7f303a120000-7f303a122000 rw-p 0000d000 08:08 3029759                    /usr/lib/jvm/java-8-oracle/jre/lib/amd64/libverify.so
7f303a122000-7f303a129000 r-xp 00000000 08:08 2630170                    /lib/x86_64-linux-gnu/librt-2.19.so
7f303a129000-7f303a328000 ---p 00007000 08:08 2630170                    /lib/x86_64-linux-gnu/librt-2.19.so
7f303a328000-7f303a329000 r--p 00006000 08:08 2630170                    /lib/x86_64-linux-gnu/librt-2.19.so
7f303a329000-7f303a32a000 rw-p 00007000 08:08 2630170                    /lib/x86_64-linux-gnu/librt-2.19.so
7f303a32a000-7f303a42f000 r-xp 00000000 08:08 2624758                    /lib/x86_64-linux-gnu/libm-2.19.so
7f303a42f000-7f303a62e000 ---p 00105000 08:08 2624758                    /lib/x86_64-linux-gnu/libm-2.19.so
7f303a62e000-7f303a62f000 r--p 00104000 08:08 2624758                    /lib/x86_64-linux-gnu/libm-2.19.so
7f303a62f000-7f303a630000 rw-p 00105000 08:08 2624758                    /lib/x86_64-linux-gnu/libm-2.19.so
7f303a630000-7f303b2f0000 r-xp 00000000 08:08 3029941                    /usr/lib/jvm/java-8-oracle/jre/lib/amd64/server/libjvm.so
7f303b2f0000-7f303b4f0000 ---p 00cc0000 08:08 3029941                    /usr/lib/jvm/java-8-oracle/jre/lib/amd64/server/libjvm.so
7f303b4f0000-7f303b5c8000 rw-p 00cc0000 08:08 3029941                    /usr/lib/jvm/java-8-oracle/jre/lib/amd64/server/libjvm.so
7f303b5c8000-7f303b613000 rw-p 00000000 00:00 0 
7f303b613000-7f303b7ce000 r-xp 00000000 08:08 2630171                    /lib/x86_64-linux-gnu/libc-2.19.so
7f303b7ce000-7f303b9cd000 ---p 001bb000 08:08 2630171                    /lib/x86_64-linux-gnu/libc-2.19.so
7f303b9cd000-7f303b9d1000 r--p 001ba000 08:08 2630171                    /lib/x86_64-linux-gnu/libc-2.19.so
7f303b9d1000-7f303b9d3000 rw-p 001be000 08:08 2630171                    /lib/x86_64-linux-gnu/libc-2.19.so
7f303b9d3000-7f303b9d8000 rw-p 00000000 00:00 0 
7f303b9d8000-7f303b9db000 r-xp 00000000 08:08 2627162                    /lib/x86_64-linux-gnu/libdl-2.19.so
7f303b9db000-7f303bbda000 ---p 00003000 08:08 2627162                    /lib/x86_64-linux-gnu/libdl-2.19.so
7f303bbda000-7f303bbdb000 r--p 00002000 08:08 2627162                    /lib/x86_64-linux-gnu/libdl-2.19.so
7f303bbdb000-7f303bbdc000 rw-p 00003000 08:08 2627162                    /lib/x86_64-linux-gnu/libdl-2.19.so
7f303bbdc000-7f303bbf1000 r-xp 00000000 08:08 3028536                    /usr/lib/jvm/java-8-oracle/lib/amd64/jli/libjli.so
7f303bbf1000-7f303bdf1000 ---p 00015000 08:08 3028536                    /usr/lib/jvm/java-8-oracle/lib/amd64/jli/libjli.so
7f303bdf1000-7f303bdf2000 rw-p 00015000 08:08 3028536                    /usr/lib/jvm/java-8-oracle/lib/amd64/jli/libjli.so
7f303bdf2000-7f303be0b000 r-xp 00000000 08:08 2630163                    /lib/x86_64-linux-gnu/libpthread-2.19.so
7f303be0b000-7f303c00a000 ---p 00019000 08:08 2630163                    /lib/x86_64-linux-gnu/libpthread-2.19.so
7f303c00a000-7f303c00b000 r--p 00018000 08:08 2630163                    /lib/x86_64-linux-gnu/libpthread-2.19.so
7f303c00b000-7f303c00c000 rw-p 00019000 08:08 2630163                    /lib/x86_64-linux-gnu/libpthread-2.19.so
7f303c00c000-7f303c010000 rw-p 00000000 00:00 0 
7f303c010000-7f303c033000 r-xp 00000000 08:08 2630164                    /lib/x86_64-linux-gnu/ld-2.19.so
7f303c033000-7f303c034000 rw-p 00000000 00:00 0 
7f303c034000-7f303c03b000 r--s 00000000 08:08 1574297                    /usr/lib/x86_64-linux-gnu/gconv/gconv-modules.cache
7f303c03b000-7f303c10d000 rw-p 00000000 00:00 0 
7f303c10d000-7f303c110000 ---p 00000000 00:00 0 
7f303c110000-7f303c226000 rw-p 00000000 00:00 0                          [stack:5962]
7f303c226000-7f303c22e000 rw-s 00000000 08:08 4992244                    /tmp/hsperfdata_sturmtruppen/5957
7f303c22e000-7f303c22f000 rw-p 00000000 00:00 0 
7f303c22f000-7f303c230000 ---p 00000000 00:00 0 
7f303c230000-7f303c232000 rw-p 00000000 00:00 0 
7f303c232000-7f303c233000 r--p 00022000 08:08 2630164                    /lib/x86_64-linux-gnu/ld-2.19.so
7f303c233000-7f303c234000 rw-p 00023000 08:08 2630164                    /lib/x86_64-linux-gnu/ld-2.19.so
7f303c234000-7f303c235000 rw-p 00000000 00:00 0 
7ffd45738000-7ffd45759000 rw-p 00000000 00:00 0                          [stack]
7ffd457f1000-7ffd457f3000 r-xp 00000000 00:00 0                          [vdso]
ffffffffff600000-ffffffffff601000 r-xp 00000000 00:00 0                  [vsyscall]

VM Arguments:
jvm_args: -Djava.awt.headless=true -Xmx1024M -Dfile.encoding=UTF-8 -Duser.country=IT -Duser.language=it -Duser.variant 
java_command: com.android.dx.command.Main --dex --force-jumbo --num-threads=4 --multi-dex --output /home/sturmtruppen/AndroidStudioProjects/BiblioVale/app/build/intermediates/transforms/dex/debug/folders/1000/10/com.android.support-support-v4-23.3.0_4cb33c54b4c042129eaeb550a69f0b342429b3ad /home/sturmtruppen/AndroidStudioProjects/BiblioVale/app/build/intermediates/exploded-aar/com.android.support/support-v4/23.3.0/jars/classes.jar
java_class_path (initial): /home/sturmtruppen/Android/Sdk/build-tools/23.0.2/lib/dx.jar
Launcher Type: SUN_STANDARD

Environment Variables:
JAVA_HOME=/usr/local/java/jdk1.8.0_77
PATH=/usr/local/sbin:/usr/local/bin:/usr/sbin:/usr/bin:/sbin:/bin:/usr/games:/usr/local/games:/usr/lib/jvm/java-8-oracle/bin:/usr/lib/jvm/java-8-oracle/db/bin:/usr/lib/jvm/java-8-oracle/jre/bin:/home/sturmtruppen/bin:/usr/local/java/jdk1.8.0_77/bin
LD_LIBRARY_PATH=/usr/local/android-studio/bin:
SHELL=/bin/bash
DISPLAY=:0

Signal Handlers:
SIGSEGV: [libjvm.so+0xabca10], sa_mask[0]=11111111011111111101111111111110, sa_flags=SA_RESTART|SA_SIGINFO
SIGBUS: [libjvm.so+0xabca10], sa_mask[0]=11111111011111111101111111111110, sa_flags=SA_RESTART|SA_SIGINFO
SIGFPE: [libjvm.so+0x919a20], sa_mask[0]=11111111011111111101111111111110, sa_flags=SA_RESTART|SA_SIGINFO
SIGPIPE: [libjvm.so+0x919a20], sa_mask[0]=11111111011111111101111111111110, sa_flags=SA_RESTART|SA_SIGINFO
SIGXFSZ: [libjvm.so+0x919a20], sa_mask[0]=11111111011111111101111111111110, sa_flags=SA_RESTART|SA_SIGINFO
SIGILL: [libjvm.so+0x919a20], sa_mask[0]=11111111011111111101111111111110, sa_flags=SA_RESTART|SA_SIGINFO
SIGUSR1: SIG_DFL, sa_mask[0]=00000000000000000000000000000000, sa_flags=none
SIGUSR2: [libjvm.so+0x91b050], sa_mask[0]=00100000000000000000000000000000, sa_flags=SA_RESTART|SA_SIGINFO
SIGHUP: [libjvm.so+0x91c450], sa_mask[0]=11111111011111111101111111111110, sa_flags=SA_RESTART|SA_SIGINFO
SIGINT: [libjvm.so+0x91c450], sa_mask[0]=11111111011111111101111111111110, sa_flags=SA_RESTART|SA_SIGINFO
SIGTERM: [libjvm.so+0x91c450], sa_mask[0]=11111111011111111101111111111110, sa_flags=SA_RESTART|SA_SIGINFO
SIGQUIT: [libjvm.so+0x91c450], sa_mask[0]=11111111011111111101111111111110, sa_flags=SA_RESTART|SA_SIGINFO


---------------  S Y S T E M  ---------------

OS:DISTRIB_ID=Ubuntu
DISTRIB_RELEASE=14.04
DISTRIB_CODENAME=trusty
DISTRIB_DESCRIPTION="Ubuntu 14.04.4 LTS"

uname:Linux 3.13.0-85-generic #129-Ubuntu SMP Thu Mar 17 20:50:15 UTC 2016 x86_64
libc:glibc 2.19 NPTL 2.19 
rlimit: STACK 8192k, CORE 0k, NPROC 30361, NOFILE 4096, AS infinity
load average:28,35 15,37 8,76

/proc/meminfo:
MemTotal:        3931188 kB
MemFree:          117528 kB
Buffers:             692 kB
Cached:           612924 kB
SwapCached:        10900 kB
Active:          2674232 kB
Inactive:         926040 kB
Active(anon):    2664788 kB
Inactive(anon):   915288 kB
Active(file):       9444 kB
Inactive(file):    10752 kB
Unevictable:         416 kB
Mlocked:             416 kB
SwapTotal:       2929660 kB
SwapFree:              0 kB
Dirty:               184 kB
Writeback:            44 kB
AnonPages:       2979688 kB
Mapped:            92724 kB
Shmem:            592544 kB
Slab:              91260 kB
SReclaimable:      35500 kB
SUnreclaim:        55760 kB
KernelStack:        6400 kB
PageTables:        49564 kB
NFS_Unstable:          0 kB
Bounce:                0 kB
WritebackTmp:          0 kB
CommitLimit:     4895252 kB
Committed_AS:   11544420 kB
VmallocTotal:   34359738367 kB
VmallocUsed:      350976 kB
VmallocChunk:   34359343060 kB
HardwareCorrupted:     0 kB
AnonHugePages:    421888 kB
HugePages_Total:       0
HugePages_Free:        0
HugePages_Rsvd:        0
HugePages_Surp:        0
Hugepagesize:       2048 kB
DirectMap4k:       71608 kB
DirectMap2M:     4005888 kB


CPU:total 4 (2 cores per cpu, 2 threads per core) family 6 model 58 stepping 9, cmov, cx8, fxsr, mmx, sse, sse2, sse3, ssse3, sse4.1, sse4.2, popcnt, avx, clmul, erms, ht, tsc, tscinvbit, tscinv

/proc/cpuinfo:
processor	: 0
vendor_id	: GenuineIntel
cpu family	: 6
model		: 58
model name	: Intel(R) Core(TM) i3-3217U CPU @ 1.80GHz
stepping	: 9
microcode	: 0x15
cpu MHz		: 800.000
cache size	: 3072 KB
physical id	: 0
siblings	: 4
core id		: 0
cpu cores	: 2
apicid		: 0
initial apicid	: 0
fpu		: yes
fpu_exception	: yes
cpuid level	: 13
wp		: yes
flags		: fpu vme de pse tsc msr pae mce cx8 apic sep mtrr pge mca cmov pat pse36 clflush dts acpi mmx fxsr sse sse2 ss ht tm pbe syscall nx rdtscp lm constant_tsc arch_perfmon pebs bts rep_good nopl xtopology nonstop_tsc aperfmperf eagerfpu pni pclmulqdq dtes64 monitor ds_cpl vmx est tm2 ssse3 cx16 xtpr pdcm pcid sse4_1 sse4_2 x2apic popcnt tsc_deadline_timer xsave avx f16c lahf_lm ida arat epb xsaveopt pln pts dtherm tpr_shadow vnmi flexpriority ept vpid fsgsbase smep erms
bogomips	: 3592.00
clflush size	: 64
cache_alignment	: 64
address sizes	: 36 bits physical, 48 bits virtual
power management:

processor	: 1
vendor_id	: GenuineIntel
cpu family	: 6
model		: 58
model name	: Intel(R) Core(TM) i3-3217U CPU @ 1.80GHz
stepping	: 9
microcode	: 0x15
cpu MHz		: 1801.000
cache size	: 3072 KB
physical id	: 0
siblings	: 4
core id		: 1
cpu cores	: 2
apicid		: 2
initial apicid	: 2
fpu		: yes
fpu_exception	: yes
cpuid level	: 13
wp		: yes
flags		: fpu vme de pse tsc msr pae mce cx8 apic sep mtrr pge mca cmov pat pse36 clflush dts acpi mmx fxsr sse sse2 ss ht tm pbe syscall nx rdtscp lm constant_tsc arch_perfmon pebs bts rep_good nopl xtopology nonstop_tsc aperfmperf eagerfpu pni pclmulqdq dtes64 monitor ds_cpl vmx est tm2 ssse3 cx16 xtpr pdcm pcid sse4_1 sse4_2 x2apic popcnt tsc_deadline_timer xsave avx f16c lahf_lm ida arat epb xsaveopt pln pts dtherm tpr_shadow vnmi flexpriority ept vpid fsgsbase smep erms
bogomips	: 3592.00
clflush size	: 64
cache_alignment	: 64
address sizes	: 36 bits physical, 48 bits virtual
power management:

processor	: 2
vendor_id	: GenuineIntel
cpu family	: 6
model		: 58
model name	: Intel(R) Core(TM) i3-3217U CPU @ 1.80GHz
stepping	: 9
microcode	: 0x15
cpu MHz		: 1801.000
cache size	: 3072 KB
physical id	: 0
siblings	: 4
core id		: 0
cpu cores	: 2
apicid		: 1
initial apicid	: 1
fpu		: yes
fpu_exception	: yes
cpuid level	: 13
wp		: yes
flags		: fpu vme de pse tsc msr pae mce cx8 apic sep mtrr pge mca cmov pat pse36 clflush dts acpi mmx fxsr sse sse2 ss ht tm pbe syscall nx rdtscp lm constant_tsc arch_perfmon pebs bts rep_good nopl xtopology nonstop_tsc aperfmperf eagerfpu pni pclmulqdq dtes64 monitor ds_cpl vmx est tm2 ssse3 cx16 xtpr pdcm pcid sse4_1 sse4_2 x2apic popcnt tsc_deadline_timer xsave avx f16c lahf_lm ida arat epb xsaveopt pln pts dtherm tpr_shadow vnmi flexpriority ept vpid fsgsbase smep erms
bogomips	: 3592.00
clflush size	: 64
cache_alignment	: 64
address sizes	: 36 bits physical, 48 bits virtual
power management:

processor	: 3
vendor_id	: GenuineIntel
cpu family	: 6
model		: 58
model name	: Intel(R) Core(TM) i3-3217U CPU @ 1.80GHz
stepping	: 9
microcode	: 0x15
cpu MHz		: 1801.000
cache size	: 3072 KB
physical id	: 0
siblings	: 4
core id		: 1
cpu cores	: 2
apicid		: 3
initial apicid	: 3
fpu		: yes
fpu_exception	: yes
cpuid level	: 13
wp		: yes
flags		: fpu vme de pse tsc msr pae mce cx8 apic sep mtrr pge mca cmov pat pse36 clflush dts acpi mmx fxsr sse sse2 ss ht tm pbe syscall nx rdtscp lm constant_tsc arch_perfmon pebs bts rep_good nopl xtopology nonstop_tsc aperfmperf eagerfpu pni pclmulqdq dtes64 monitor ds_cpl vmx est tm2 ssse3 cx16 xtpr pdcm pcid sse4_1 sse4_2 x2apic popcnt tsc_deadline_timer xsave avx f16c lahf_lm ida arat epb xsaveopt pln pts dtherm tpr_shadow vnmi flexpriority ept vpid fsgsbase smep erms
bogomips	: 3592.00
clflush size	: 64
cache_alignment	: 64
address sizes	: 36 bits physical, 48 bits virtual
power management:



Memory: 4k page, physical 3931188k(117528k free), swap 2929660k(0k free)

vm_info: Java HotSpot(TM) 64-Bit Server VM (25.91-b14) for linux-amd64 JRE (1.8.0_91-b14), built on Apr  1 2016 00:57:21 by "java_re" with gcc 4.3.0 20080428 (Red Hat 4.3.0-8)

time: Sat Apr 30 18:32:02 2016
elapsed time: 90 seconds (0d 0h 1m 30s)

